[2021/01/11 14:41:33][Info] file is created D:\Mine\Tool\Hoc Tap\All\1_AutoIT\autoit include\autoitobject\autoit\log\example_2021_01_11.log
[2021/01/11 14:41:33]############### Program is starting ################
[2021/01/11 14:41:33]@@@@@@@@@@@@@@@@@@@@@@@@@@ Program is Exited After 00:00:00 @@@@@@@@@@@@@@@@@@@@@@@@@@
[2021/01/11 14:41:43]############### Program is starting ################
[2021/01/11 14:41:43]@@@@@@@@@@@@@@@@@@@@@@@@@@ Program is Exited After 00:00:00 @@@@@@@@@@@@@@@@@@@@@@@@@@
[2021/01/11 14:42:02]############### Program is starting ################
[2021/01/11 14:42:02]@@@@@@@@@@@@@@@@@@@@@@@@@@ Program is Exited After 00:00:00 @@@@@@@@@@@@@@@@@@@@@@@@@@
[2021/01/11 14:42:37]############### Program is starting ################
[2021/01/11 14:42:37]@@@@@@@@@@@@@@@@@@@@@@@@@@ Program is Exited After 00:00:00 @@@@@@@@@@@@@@@@@@@@@@@@@@
[2021/01/11 14:46:10]############### Program is starting ################
[2021/01/11 14:46:14]@@@@@@@@@@@@@@@@@@@@@@@@@@ Program is Exited After 00:00:04 @@@@@@@@@@@@@@@@@@@@@@@@@@
[2021/01/11 14:46:20]############### Program is starting ################
[2021/01/11 14:46:21]@@@@@@@@@@@@@@@@@@@@@@@@@@ Program is Exited After 00:00:01 @@@@@@@@@@@@@@@@@@@@@@@@@@
[2021/01/11 14:46:25]############### Program is starting ################
[2021/01/11 14:46:26]@@@@@@@@@@@@@@@@@@@@@@@@@@ Program is Exited After 00:00:01 @@@@@@@@@@@@@@@@@@@@@@@@@@
[2021/01/11 14:46:37]############### Program is starting ################
[2021/01/11 14:46:39]@@@@@@@@@@@@@@@@@@@@@@@@@@ Program is Exited After 00:00:01 @@@@@@@@@@@@@@@@@@@@@@@@@@
[2021/01/11 14:46:46]############### Program is starting ################
[2021/01/11 14:46:46]@@@@@@@@@@@@@@@@@@@@@@@@@@ Program is Exited After 00:00:00 @@@@@@@@@@@@@@@@@@@@@@@@@@
[2021/01/11 14:47:02]############### Program is starting ################
[2021/01/11 14:47:02]@@@@@@@@@@@@@@@@@@@@@@@@@@ Program is Exited After 00:00:00 @@@@@@@@@@@@@@@@@@@@@@@@@@
[2021/01/11 14:50:57]############### Program is starting ################
[2021/01/11 14:50:57]@@@@@@@@@@@@@@@@@@@@@@@@@@ Program is Exited After 00:00:00 @@@@@@@@@@@@@@@@@@@@@@@@@@
[2021/01/11 14:51:05]############### Program is starting ################
[2021/01/11 14:51:05]@@@@@@@@@@@@@@@@@@@@@@@@@@ Program is Exited After 00:00:00 @@@@@@@@@@@@@@@@@@@@@@@@@@
[2021/01/11 14:51:19]############### Program is starting ################
[2021/01/11 14:51:19]1
[2021/01/11 14:51:19]@@@@@@@@@@@@@@@@@@@@@@@@@@ Program is Exited After 00:00:00 @@@@@@@@@@@@@@@@@@@@@@@@@@
[2021/01/11 14:55:35]############### Program is starting ################
[2021/01/11 14:55:35]
[2021/01/11 14:55:35]@@@@@@@@@@@@@@@@@@@@@@@@@@ Program is Exited After 00:00:00 @@@@@@@@@@@@@@@@@@@@@@@@@@
[2021/01/11 14:55:55]############### Program is starting ################
[2021/01/11 14:55:55]
[2021/01/11 14:55:55]@@@@@@@@@@@@@@@@@@@@@@@@@@ Program is Exited After 00:00:00 @@@@@@@@@@@@@@@@@@@@@@@@@@
[2021/01/11 14:56:01]############### Program is starting ################
[2021/01/11 14:56:01]
[2021/01/11 14:56:01]@@@@@@@@@@@@@@@@@@@@@@@@@@ Program is Exited After 00:00:00 @@@@@@@@@@@@@@@@@@@@@@@@@@
[2021/01/11 14:56:08]############### Program is starting ################
[2021/01/11 14:56:08]
[2021/01/11 14:56:08]@@@@@@@@@@@@@@@@@@@@@@@@@@ Program is Exited After 00:00:00 @@@@@@@@@@@@@@@@@@@@@@@@@@
[2021/01/11 14:56:13]############### Program is starting ################
[2021/01/11 14:56:13]
[2021/01/11 14:56:13]@@@@@@@@@@@@@@@@@@@@@@@@@@ Program is Exited After 00:00:00 @@@@@@@@@@@@@@@@@@@@@@@@@@
[2021/01/11 14:59:13]############### Program is starting ################
[2021/01/11 14:59:13]
[2021/01/11 14:59:13]@@@@@@@@@@@@@@@@@@@@@@@@@@ Program is Exited After 00:00:00 @@@@@@@@@@@@@@@@@@@@@@@@@@
[2021/01/11 15:48:07]############### Program is starting ################
[2021/01/11 15:48:07]@@@@@@@@@@@@@@@@@@@@@@@@@@ Program is Exited After 00:00:00 @@@@@@@@@@@@@@@@@@@@@@@@@@
[2021/01/11 15:48:37]############### Program is starting ################
[2021/01/11 15:48:37]@@@@@@@@@@@@@@@@@@@@@@@@@@ Program is Exited After 00:00:00 @@@@@@@@@@@@@@@@@@@@@@@@@@
[2021/01/11 15:48:49]############### Program is starting ################
[2021/01/11 15:48:49]@@@@@@@@@@@@@@@@@@@@@@@@@@ Program is Exited After 00:00:00 @@@@@@@@@@@@@@@@@@@@@@@@@@
[2021/01/11 15:49:03]############### Program is starting ################
[2021/01/11 15:49:03]@@@@@@@@@@@@@@@@@@@@@@@@@@ Program is Exited After 00:00:00 @@@@@@@@@@@@@@@@@@@@@@@@@@
[2021/01/11 15:49:14]############### Program is starting ################
[2021/01/11 15:49:14]1
[2021/01/11 15:49:14]@@@@@@@@@@@@@@@@@@@@@@@@@@ Program is Exited After 00:00:00 @@@@@@@@@@@@@@@@@@@@@@@@@@
[2021/01/11 15:49:22]############### Program is starting ################
[2021/01/11 15:49:22]3
[2021/01/11 15:49:22]@@@@@@@@@@@@@@@@@@@@@@@@@@ Program is Exited After 00:00:00 @@@@@@@@@@@@@@@@@@@@@@@@@@
[2021/01/11 15:50:33]############### Program is starting ################
[2021/01/11 15:50:33]
[2021/01/11 15:50:33]@@@@@@@@@@@@@@@@@@@@@@@@@@ Program is Exited After 00:00:00 @@@@@@@@@@@@@@@@@@@@@@@@@@
[2021/01/11 15:50:41]############### Program is starting ################
[2021/01/11 15:50:41]
[2021/01/11 15:50:41]@@@@@@@@@@@@@@@@@@@@@@@@@@ Program is Exited After 00:00:00 @@@@@@@@@@@@@@@@@@@@@@@@@@
[2021/01/11 15:50:53]############### Program is starting ################
[2021/01/11 15:50:53]
[2021/01/11 15:50:53]@@@@@@@@@@@@@@@@@@@@@@@@@@ Program is Exited After 00:00:00 @@@@@@@@@@@@@@@@@@@@@@@@@@
[2021/01/11 15:51:45]############### Program is starting ################
[2021/01/11 15:51:45]@@@@@@@@@@@@@@@@@@@@@@@@@@ Program is Exited After 00:00:00 @@@@@@@@@@@@@@@@@@@@@@@@@@
[2021/01/11 16:35:29]############### Program is starting ################
[2021/01/11 16:35:29]@@@@@@@@@@@@@@@@@@@@@@@@@@ Program is Exited After 00:00:00 @@@@@@@@@@@@@@@@@@@@@@@@@@
[2021/01/11 16:35:40]############### Program is starting ################
[2021/01/11 16:35:40]@@@@@@@@@@@@@@@@@@@@@@@@@@ Program is Exited After 00:00:00 @@@@@@@@@@@@@@@@@@@@@@@@@@
[2021/01/11 16:36:01]############### Program is starting ################
[2021/01/11 16:36:01]@@@@@@@@@@@@@@@@@@@@@@@@@@ Program is Exited After 00:00:00 @@@@@@@@@@@@@@@@@@@@@@@@@@
[2021/01/11 16:36:39]############### Program is starting ################
[2021/01/11 16:36:39]@@@@@@@@@@@@@@@@@@@@@@@@@@ Program is Exited After 00:00:00 @@@@@@@@@@@@@@@@@@@@@@@@@@
[2021/01/11 16:36:45]############### Program is starting ################
[2021/01/11 16:36:45]@@@@@@@@@@@@@@@@@@@@@@@@@@ Program is Exited After 00:00:00 @@@@@@@@@@@@@@@@@@@@@@@@@@
[2021/01/11 16:36:57]############### Program is starting ################
[2021/01/11 16:36:57]@@@@@@@@@@@@@@@@@@@@@@@@@@ Program is Exited After 00:00:00 @@@@@@@@@@@@@@@@@@@@@@@@@@
[2021/01/11 16:38:10]############### Program is starting ################
[2021/01/11 16:38:10]@@@@@@@@@@@@@@@@@@@@@@@@@@ Program is Exited After 00:00:00 @@@@@@@@@@@@@@@@@@@@@@@@@@
[2021/01/11 16:38:56]############### Program is starting ################
[2021/01/11 16:38:56]3
[2021/01/11 16:38:56]@@@@@@@@@@@@@@@@@@@@@@@@@@ Program is Exited After 00:00:00 @@@@@@@@@@@@@@@@@@@@@@@@@@
[2021/01/11 16:54:22]############### Program is starting ################
[2021/01/11 16:54:22]3
[2021/01/11 16:54:22]@@@@@@@@@@@@@@@@@@@@@@@@@@ Program is Exited After 00:00:00 @@@@@@@@@@@@@@@@@@@@@@@@@@
[2021/01/11 16:55:02]############### Program is starting ################
[2021/01/11 16:55:02]
[2021/01/11 16:55:02]@@@@@@@@@@@@@@@@@@@@@@@@@@ Program is Exited After 00:00:00 @@@@@@@@@@@@@@@@@@@@@@@@@@
[2021/01/11 16:55:13]############### Program is starting ################
[2021/01/11 16:55:13]
[2021/01/11 16:55:13]@@@@@@@@@@@@@@@@@@@@@@@@@@ Program is Exited After 00:00:00 @@@@@@@@@@@@@@@@@@@@@@@@@@
[2021/01/11 16:55:21]############### Program is starting ################
[2021/01/11 16:55:21]
[2021/01/11 16:55:21]@@@@@@@@@@@@@@@@@@@@@@@@@@ Program is Exited After 00:00:00 @@@@@@@@@@@@@@@@@@@@@@@@@@
[2021/01/11 17:06:23]############### Program is starting ################
[2021/01/11 17:06:23]
[2021/01/11 17:06:23]@@@@@@@@@@@@@@@@@@@@@@@@@@ Program is Exited After 00:00:00 @@@@@@@@@@@@@@@@@@@@@@@@@@
[2021/01/11 17:06:43]############### Program is starting ################
[2021/01/11 17:06:43]
[2021/01/11 17:06:43]@@@@@@@@@@@@@@@@@@@@@@@@@@ Program is Exited After 00:00:00 @@@@@@@@@@@@@@@@@@@@@@@@@@
[2021/01/11 17:07:14]############### Program is starting ################
[2021/01/11 17:07:14]@@@@@@@@@@@@@@@@@@@@@@@@@@ Program is Exited After 00:00:00 @@@@@@@@@@@@@@@@@@@@@@@@@@
[2021/01/11 17:07:22]############### Program is starting ################
[2021/01/11 17:07:22]@@@@@@@@@@@@@@@@@@@@@@@@@@ Program is Exited After 00:00:00 @@@@@@@@@@@@@@@@@@@@@@@@@@
[2021/01/11 17:07:46]############### Program is starting ################
[2021/01/11 17:07:46]
[2021/01/11 17:07:46]@@@@@@@@@@@@@@@@@@@@@@@@@@ Program is Exited After 00:00:00 @@@@@@@@@@@@@@@@@@@@@@@@@@
[2021/01/11 17:08:26]############### Program is starting ################
[2021/01/11 17:08:26]
[2021/01/11 17:08:26]@@@@@@@@@@@@@@@@@@@@@@@@@@ Program is Exited After 00:00:00 @@@@@@@@@@@@@@@@@@@@@@@@@@
[2021/01/11 17:08:33]############### Program is starting ################
[2021/01/11 17:08:33]
[2021/01/11 17:08:33]@@@@@@@@@@@@@@@@@@@@@@@@@@ Program is Exited After 00:00:00 @@@@@@@@@@@@@@@@@@@@@@@@@@
[2021/01/11 17:08:36]############### Program is starting ################
[2021/01/11 17:08:36]
[2021/01/11 17:08:36]@@@@@@@@@@@@@@@@@@@@@@@@@@ Program is Exited After 00:00:00 @@@@@@@@@@@@@@@@@@@@@@@@@@
[2021/01/11 17:10:51]############### Program is starting ################
[2021/01/11 17:10:51]
[2021/01/11 17:10:51]@@@@@@@@@@@@@@@@@@@@@@@@@@ Program is Exited After 00:00:00 @@@@@@@@@@@@@@@@@@@@@@@@@@
[2021/01/11 17:11:04]############### Program is starting ################
[2021/01/11 17:11:04]
[2021/01/11 17:11:04]@@@@@@@@@@@@@@@@@@@@@@@@@@ Program is Exited After 00:00:00 @@@@@@@@@@@@@@@@@@@@@@@@@@
[2021/01/11 17:11:09]############### Program is starting ################
[2021/01/11 17:11:09]
[2021/01/11 17:11:09]@@@@@@@@@@@@@@@@@@@@@@@@@@ Program is Exited After 00:00:00 @@@@@@@@@@@@@@@@@@@@@@@@@@
[2021/01/11 17:11:21]############### Program is starting ################
[2021/01/11 17:11:21]
[2021/01/11 17:11:21]@@@@@@@@@@@@@@@@@@@@@@@@@@ Program is Exited After 00:00:00 @@@@@@@@@@@@@@@@@@@@@@@@@@
[2021/01/11 17:11:28]############### Program is starting ################
[2021/01/11 17:11:28]
[2021/01/11 17:11:28]@@@@@@@@@@@@@@@@@@@@@@@@@@ Program is Exited After 00:00:00 @@@@@@@@@@@@@@@@@@@@@@@@@@
[2021/01/11 17:11:51]############### Program is starting ################
[2021/01/11 17:11:51]
[2021/01/11 17:11:51]@@@@@@@@@@@@@@@@@@@@@@@@@@ Program is Exited After 00:00:00 @@@@@@@@@@@@@@@@@@@@@@@@@@
