[2021/01/12 10:39:35][Info] file is created D:\Mine\Tool\Hoc Tap\All\1_AutoIT\autoit include\autoitobject\autoit\log\example_2021_01_12.log
[2021/01/12 10:39:35]############### Program is starting ################
[2021/01/12 10:39:35]
[2021/01/12 10:39:35]@@@@@@@@@@@@@@@@@@@@@@@@@@ Program is Exited After 00:00:00 @@@@@@@@@@@@@@@@@@@@@@@@@@
[2021/01/12 10:39:51]############### Program is starting ################
[2021/01/12 10:39:51]@@@@@@@@@@@@@@@@@@@@@@@@@@ Program is Exited After 00:00:00 @@@@@@@@@@@@@@@@@@@@@@@@@@
[2021/01/12 10:40:05]############### Program is starting ################
[2021/01/12 10:40:05]@@@@@@@@@@@@@@@@@@@@@@@@@@ Program is Exited After 00:00:00 @@@@@@@@@@@@@@@@@@@@@@@@@@
[2021/01/12 10:40:25]############### Program is starting ################
[2021/01/12 10:40:25]3
[2021/01/12 10:40:25]@@@@@@@@@@@@@@@@@@@@@@@@@@ Program is Exited After 00:00:00 @@@@@@@@@@@@@@@@@@@@@@@@@@
[2021/01/12 13:47:03]############### Program is starting ################
[2021/01/12 13:47:03]@@@@@@@@@@@@@@@@@@@@@@@@@@ Program is Exited After 00:00:00 @@@@@@@@@@@@@@@@@@@@@@@@@@
[2021/01/12 14:22:12]############### Program is starting ################
[2021/01/12 14:22:13]@@@@@@@@@@@@@@@@@@@@@@@@@@ Program is Exited After 00:00:01 @@@@@@@@@@@@@@@@@@@@@@@@@@
[2021/01/12 14:22:24]############### Program is starting ################
[2021/01/12 14:22:25]@@@@@@@@@@@@@@@@@@@@@@@@@@ Program is Exited After 00:00:00 @@@@@@@@@@@@@@@@@@@@@@@@@@
[2021/01/12 14:22:30]############### Program is starting ################
[2021/01/12 14:22:31]@@@@@@@@@@@@@@@@@@@@@@@@@@ Program is Exited After 00:00:00 @@@@@@@@@@@@@@@@@@@@@@@@@@
[2021/01/12 14:22:35]############### Program is starting ################
[2021/01/12 14:22:35]@@@@@@@@@@@@@@@@@@@@@@@@@@ Program is Exited After 00:00:00 @@@@@@@@@@@@@@@@@@@@@@@@@@
[2021/01/12 14:22:46]############### Program is starting ################
[2021/01/12 14:22:46]@@@@@@@@@@@@@@@@@@@@@@@@@@ Program is Exited After 00:00:00 @@@@@@@@@@@@@@@@@@@@@@@@@@
[2021/01/12 14:24:56]############### Program is starting ################
[2021/01/12 14:24:57]@@@@@@@@@@@@@@@@@@@@@@@@@@ Program is Exited After 00:00:00 @@@@@@@@@@@@@@@@@@@@@@@@@@
[2021/01/12 14:40:08]############### Program is starting ################
[2021/01/12 14:40:08]@@@@@@@@@@@@@@@@@@@@@@@@@@ Program is Exited After 00:00:00 @@@@@@@@@@@@@@@@@@@@@@@@@@
[2021/01/12 14:40:16]############### Program is starting ################
[2021/01/12 14:40:16]@@@@@@@@@@@@@@@@@@@@@@@@@@ Program is Exited After 00:00:00 @@@@@@@@@@@@@@@@@@@@@@@@@@
[2021/01/12 15:41:23]############### Program is starting ################
[2021/01/12 15:41:23]@@@@@@@@@@@@@@@@@@@@@@@@@@ Program is Exited After 00:00:00 @@@@@@@@@@@@@@@@@@@@@@@@@@
[2021/01/12 15:41:36]############### Program is starting ################
[2021/01/12 15:42:08]@@@@@@@@@@@@@@@@@@@@@@@@@@ Program is Exited After 00:00:31 @@@@@@@@@@@@@@@@@@@@@@@@@@
[2021/01/12 15:42:28]############### Program is starting ################
[2021/01/12 15:42:28]@@@@@@@@@@@@@@@@@@@@@@@@@@ Program is Exited After 00:00:00 @@@@@@@@@@@@@@@@@@@@@@@@@@
[2021/01/12 15:42:33]############### Program is starting ################
[2021/01/12 15:42:33]@@@@@@@@@@@@@@@@@@@@@@@@@@ Program is Exited After 00:00:00 @@@@@@@@@@@@@@@@@@@@@@@@@@
[2021/01/12 15:42:56]############### Program is starting ################
[2021/01/12 15:42:56]@@@@@@@@@@@@@@@@@@@@@@@@@@ Program is Exited After 00:00:00 @@@@@@@@@@@@@@@@@@@@@@@@@@
[2021/01/12 17:32:33]############### Program is starting ################
[2021/01/12 17:32:34]@@@@@@@@@@@@@@@@@@@@@@@@@@ Program is Exited After 00:00:01 @@@@@@@@@@@@@@@@@@@@@@@@@@
[2021/01/12 17:32:39]############### Program is starting ################
[2021/01/12 17:32:40]@@@@@@@@@@@@@@@@@@@@@@@@@@ Program is Exited After 00:00:01 @@@@@@@@@@@@@@@@@@@@@@@@@@
[2021/01/12 17:34:16]############### Program is starting ################
[2021/01/12 17:34:17]@@@@@@@@@@@@@@@@@@@@@@@@@@ Program is Exited After 00:00:00 @@@@@@@@@@@@@@@@@@@@@@@@@@
[2021/01/12 17:50:14]############################## Program is starting ###############################
[2021/01/12 17:50:15]@@@@@@@@@@@@@@@@@@@@@@@@@@ Program is Exited After 00:00:00 @@@@@@@@@@@@@@@@@@@@@@@@@@
[2021/01/12 17:51:15]####################             Program is starting             #####################
[2021/01/12 17:51:17]@@@@@@@@@@@@@@@@@@@@@@@@@@ Program is Exited After 00:00:01 @@@@@@@@@@@@@@@@@@@@@@@@@@
[2021/01/12 17:53:39]###############             Program is starting with PID 19708             ################
[2021/01/12 17:53:40]@@@@@@@@@@@@@@@@@@@@@@@@@@ Program is Exited After 00:00:01 @@@@@@@@@@@@@@@@@@@@@@@@@@
[2021/01/12 17:54:31]###############             Program is starting with PID 17996             ################
[2021/01/12 17:54:32]@@@@@@@@@@@@@@@@@@@@@@@@@@ PID 17996 is Exited After 00:00:01 @@@@@@@@@@@@@@@@@@@@@@@@@@
[2021/01/12 17:55:20]##############             Program is starting with PID 10396             ##############
[2021/01/12 17:55:23]@@@@@@@@@@@@@@@@@@@@@@@@@@ PID 10396 is Exited After 00:00:02 @@@@@@@@@@@@@@@@@@@@@@@@@@
